<?xml version="1.0" encoding="UTF-8"?>
<testng-results ignored="0" total="1" passed="1" failed="0" skipped="0">
  <reporter-output>
  </reporter-output>
  <suite started-at="2023-10-23T10:40:33 EET" name="Default suite" finished-at="2023-10-23T10:40:40 EET" duration-ms="7087">
    <groups>
    </groups>
    <test started-at="2023-10-23T10:40:33 EET" name="Default test" finished-at="2023-10-23T10:40:40 EET" duration-ms="7087">
      <class name="SignUpProcess">
        <test-method is-config="true" signature="mySetup()[pri:0, instance:SignUpProcess@54afd745]" started-at="2023-10-23T10:40:33 EET" name="mySetup" finished-at="2023-10-23T10:40:40 EET" duration-ms="7025" status="PASS">
          <reporter-output>
          </reporter-output>
        </test-method> <!-- mySetup -->
        <test-method signature="myTest()[pri:0, instance:SignUpProcess@54afd745]" started-at="2023-10-23T10:40:40 EET" name="myTest" finished-at="2023-10-23T10:40:40 EET" duration-ms="7" status="PASS">
          <reporter-output>
          </reporter-output>
        </test-method> <!-- myTest -->
        <test-method is-config="true" signature="myPostTest()[pri:0, instance:SignUpProcess@54afd745]" started-at="2023-10-23T10:40:40 EET" name="myPostTest" finished-at="2023-10-23T10:40:40 EET" duration-ms="0" status="PASS">
          <reporter-output>
          </reporter-output>
        </test-method> <!-- myPostTest -->
      </class> <!-- SignUpProcess -->
    </test> <!-- Default test -->
  </suite> <!-- Default suite -->
</testng-results>
